0 info it worked if it ends with ok
1 verbose cli [ 'node', '/usr/local/bin/npm', 'install', 'socket.js', '--save' ]
2 info using npm@1.4.28
3 info using node@v0.10.32
4 warn package.json Tilt@1.0.0 No repository field.
5 warn package.json Tilt@1.0.0 No README data
6 warn package.json fs@0.0.2 fs is also the name of a node core module.
7 warn package.json fs@0.0.2 No description
8 warn package.json fs@0.0.2 No repository field.
9 verbose readDependencies using package.json deps
10 verbose cache add [ 'socket.js', null ]
11 verbose cache add name=undefined spec="socket.js" args=["socket.js",null]
12 verbose parsed url { protocol: null,
12 verbose parsed url   slashes: null,
12 verbose parsed url   auth: null,
12 verbose parsed url   host: null,
12 verbose parsed url   port: null,
12 verbose parsed url   hostname: null,
12 verbose parsed url   hash: null,
12 verbose parsed url   search: null,
12 verbose parsed url   query: null,
12 verbose parsed url   pathname: 'socket.js',
12 verbose parsed url   path: 'socket.js',
12 verbose parsed url   href: 'socket.js' }
13 silly lockFile 610fbd27-socket-js socket.js
14 verbose lock socket.js /Users/Lynda 1/.npm/610fbd27-socket-js.lock
15 silly lockFile 610fbd27-socket-js socket.js
16 silly lockFile 610fbd27-socket-js socket.js
17 verbose addNamed [ 'socket.js', '' ]
18 verbose addNamed [ null, '*' ]
19 silly lockFile 4de656da-socket-js socket.js@
20 verbose lock socket.js@ /Users/Lynda 1/.npm/4de656da-socket-js.lock
21 silly addNameRange { name: 'socket.js', range: '*', hasData: false }
22 verbose request where is /socket.js
23 verbose request registry https://registry.npmjs.org/
24 verbose request id e42995a30a6b8100
25 verbose url raw /socket.js
26 verbose url resolving [ 'https://registry.npmjs.org/', './socket.js' ]
27 verbose url resolved https://registry.npmjs.org/socket.js
28 verbose request where is https://registry.npmjs.org/socket.js
29 info trying registry request attempt 1 at 15:55:41
30 http GET https://registry.npmjs.org/socket.js
31 http 404 https://registry.npmjs.org/socket.js
32 verbose headers { date: 'Fri, 27 Feb 2015 20:55:41 GMT',
32 verbose headers   server: 'CouchDB/1.5.0 (Erlang OTP/R16B03)',
32 verbose headers   'content-type': 'application/json',
32 verbose headers   'cache-control': 'max-age=0',
32 verbose headers   'content-length': '52',
32 verbose headers   'accept-ranges': 'bytes',
32 verbose headers   via: '1.1 varnish',
32 verbose headers   age: '0',
32 verbose headers   'x-served-by': 'cache-atl6223-ATL',
32 verbose headers   'x-cache': 'MISS',
32 verbose headers   'x-cache-hits': '0',
32 verbose headers   'x-timer': 'S1425070541.505151,VS0,VE76',
32 verbose headers   'keep-alive': 'timeout=10, max=50',
32 verbose headers   connection: 'Keep-Alive' }
33 silly registry.get cb [ 404,
33 silly registry.get   { date: 'Fri, 27 Feb 2015 20:55:41 GMT',
33 silly registry.get     server: 'CouchDB/1.5.0 (Erlang OTP/R16B03)',
33 silly registry.get     'content-type': 'application/json',
33 silly registry.get     'cache-control': 'max-age=0',
33 silly registry.get     'content-length': '52',
33 silly registry.get     'accept-ranges': 'bytes',
33 silly registry.get     via: '1.1 varnish',
33 silly registry.get     age: '0',
33 silly registry.get     'x-served-by': 'cache-atl6223-ATL',
33 silly registry.get     'x-cache': 'MISS',
33 silly registry.get     'x-cache-hits': '0',
33 silly registry.get     'x-timer': 'S1425070541.505151,VS0,VE76',
33 silly registry.get     'keep-alive': 'timeout=10, max=50',
33 silly registry.get     connection: 'Keep-Alive' } ]
34 silly lockFile 4de656da-socket-js socket.js@
35 silly lockFile 4de656da-socket-js socket.js@
36 error 404 404 Not Found: socket.js
36 error 404
36 error 404 'socket.js' is not in the npm registry.
36 error 404 You should bug the author to publish it
36 error 404 It was specified as a dependency of 'Tilt'
36 error 404
36 error 404 Maybe try 'npm search socket'
36 error 404
36 error 404 Note that you can also install from a
36 error 404 tarball, folder, or http url, or git url.
37 error System Darwin 14.1.0
38 error command "node" "/usr/local/bin/npm" "install" "socket.js" "--save"
39 error cwd /Users/Lynda 1/Fullstack/tiltMusic
40 error node -v v0.10.32
41 error npm -v 1.4.28
42 error code E404
43 verbose exit [ 1, true ]
